LINE ADDR CONTENTS SOURCE LINE
  1.  000 002100  start:	LDA 	A
  2.  001 200001  	CMA# 	$001
  3.  002 4D2004  	JGT 	loop
  4.  003 402014  	JMP 	end
  5.              
  6.  004 002103  loop:	LDA 	temp
  7.  005 102101  	ADA 	B
  8.  006 102102  	ADA 	FIBON
  9.  007 042103  	STA 	temp
 10.  008 002102  	LDA 	FIBON
 11.  009 042101  	STA 	B
 12.  00A 002103  	LDA 	temp
 13.  00B 042102  	STA 	FIBON
 14.  00C 002104  	LDA 	i
 15.  00D 202100  	CMA 	A
 16.  00E 482014  	JEQ 	end
 17.  00F 100001  	ADA# 	$001
 18.  010 042104  	STA 	i
 19.  011 000000  	LDA# 	$000
 20.  012 042103  	STA 	temp
 21.  013 402004  	JMP 	loop
 22.              
 23.              
 24.  014 FFFFFF  end:	HLT
 25.              
 26.              	.equ	@,$100
 27.  100 000009  A:	.word	9
 28.  101 000000  B:	.word 0
 29.  102 000001  FIBON:	.word	1
 30.  103 000000  temp:	.word 0
 31.  104 000002  i:	.word 2
 32.              	.end

                     SYMBOL TABLE CONTENTS

000100 = A               000101 = B               000014 = END             
000102 = FIBON           000104 = I               000004 = LOOP            
000000 = START           000103 = TEMP            